<?xml version="1.0" encoding="UTF-8"?>
<testng-results skipped="0" failed="1" total="1" passed="0">
  <reporter-output>
  </reporter-output>
  <suite name="Default suite" duration-ms="17001" started-at="2017-07-04T16:01:13Z" finished-at="2017-07-04T16:01:30Z">
    <groups>
    </groups>
    <test name="Default test" duration-ms="17001" started-at="2017-07-04T16:01:13Z" finished-at="2017-07-04T16:01:30Z">
      <class name="testcases.VerifyLoginPageWithReportAndScreenshot">
        <test-method status="PASS" signature="setUP()[pri:0, instance:testcases.VerifyLoginPageWithReportAndScreenshot@3532ec19]" name="setUP" is-config="true" duration-ms="15375" started-at="2017-07-04T09:01:13Z" finished-at="2017-07-04T09:01:28Z">
          <reporter-output>
          </reporter-output>
        </test-method> <!-- setUP -->
        <test-method status="FAIL" signature="testHomePage()[pri:0, instance:testcases.VerifyLoginPageWithReportAndScreenshot@3532ec19]" name="testHomePage" duration-ms="84" started-at="2017-07-04T09:01:28Z" finished-at="2017-07-04T09:01:28Z">
          <exception class="java.lang.ClassCastException">
            <message>
              <![CDATA[org.openqa.selenium.firefox.FirefoxDriver cannot be cast to pages.HomePage]]>
            </message>
            <full-stacktrace>
              <![CDATA[java.lang.ClassCastException: org.openqa.selenium.firefox.FirefoxDriver cannot be cast to pages.HomePage
	at testcases.VerifyLoginPageWithReportAndScreenshot.testHomePage(VerifyLoginPageWithReportAndScreenshot.java:44)
	at sun.reflect.NativeMethodAccessorImpl.invoke0(Native Method)
	at sun.reflect.NativeMethodAccessorImpl.invoke(Unknown Source)
	at sun.reflect.DelegatingMethodAccessorImpl.invoke(Unknown Source)
	at java.lang.reflect.Method.invoke(Unknown Source)
	at org.testng.internal.MethodInvocationHelper.invokeMethod(MethodInvocationHelper.java:80)
	at org.testng.internal.Invoker.invokeMethod(Invoker.java:714)
	at org.testng.internal.Invoker.invokeTestMethod(Invoker.java:901)
	at org.testng.internal.Invoker.invokeTestMethods(Invoker.java:1231)
	at org.testng.internal.TestMethodWorker.invokeTestMethods(TestMethodWorker.java:127)
	at org.testng.internal.TestMethodWorker.run(TestMethodWorker.java:111)
	at org.testng.TestRunner.privateRun(TestRunner.java:767)
	at org.testng.TestRunner.run(TestRunner.java:617)
	at org.testng.SuiteRunner.runTest(SuiteRunner.java:334)
	at org.testng.SuiteRunner.runSequentially(SuiteRunner.java:329)
	at org.testng.SuiteRunner.privateRun(SuiteRunner.java:291)
	at org.testng.SuiteRunner.run(SuiteRunner.java:240)
	at org.testng.SuiteRunnerWorker.runSuite(SuiteRunnerWorker.java:52)
	at org.testng.SuiteRunnerWorker.run(SuiteRunnerWorker.java:86)
	at org.testng.TestNG.runSuitesSequentially(TestNG.java:1198)
	at org.testng.TestNG.runSuitesLocally(TestNG.java:1123)
	at org.testng.TestNG.run(TestNG.java:1031)
	at org.testng.remote.AbstractRemoteTestNG.run(AbstractRemoteTestNG.java:132)
	at org.testng.remote.RemoteTestNG.initAndRun(RemoteTestNG.java:230)
	at org.testng.remote.RemoteTestNG.main(RemoteTestNG.java:76)
]]>
            </full-stacktrace>
          </exception> <!-- java.lang.ClassCastException -->
          <reporter-output>
          </reporter-output>
        </test-method> <!-- testHomePage -->
        <test-method status="PASS" signature="tearDown(org.testng.ITestResult)[pri:0, instance:testcases.VerifyLoginPageWithReportAndScreenshot@3532ec19]" name="tearDown" is-config="true" duration-ms="1521" started-at="2017-07-04T09:01:28Z" finished-at="2017-07-04T09:01:30Z">
          <params>
            <param index="0">
              <value>
                <![CDATA[[TestResult name=testHomePage status=FAILURE method=VerifyLoginPageWithReportAndScreenshot.testHomePage()[pri:0, instance:testcases.VerifyLoginPageWithReportAndScreenshot@3532ec19] output={null}]]]>
              </value>
            </param>
          </params>
          <reporter-output>
          </reporter-output>
        </test-method> <!-- tearDown -->
      </class> <!-- testcases.VerifyLoginPageWithReportAndScreenshot -->
    </test> <!-- Default test -->
  </suite> <!-- Default suite -->
</testng-results>
