<?xml version="1.0" encoding="UTF-8"?>
<!-- Generated by org.testng.reporters.JUnitXMLReporter -->
<testsuite hostname="DESKTOP-42EAGMC" name="SmokeScenario" tests="2" failures="1" timestamp="3 Jul 2017 22:43:07 GMT" time="24.394" errors="0">
  <testcase name="testHomePage" time="0.024" classname="testcases.VerifyLoginPage">
    <failure type="java.lang.ClassCastException" message="org.openqa.selenium.firefox.FirefoxDriver cannot be cast to pages.HomePage">
      <![CDATA[java.lang.ClassCastException: org.openqa.selenium.firefox.FirefoxDriver cannot be cast to pages.HomePage
	at testcases.VerifyLoginPage.testHomePage(VerifyLoginPage.java:32)
... Removed 24 stack frames]]>
    </failure>
  </testcase> <!-- testHomePage -->
  <testcase name="testHomePage" time="0.008" classname="testcases.VerifyHomePage"/>
</testsuite> <!-- SmokeScenario -->
